\BOOKMARK [0][-]{dummy.2}{\376\377\000A\000b\000s\000t\000r\000a\000c\000t}{}% 1
\BOOKMARK [0][-]{dummy.3}{\376\377\000A\000c\000k\000n\000o\000w\000l\000e\000d\000g\000e\000m\000e\000n\000t\000s}{}% 2
\BOOKMARK [0][-]{dummy.4}{\376\377\000C\000o\000n\000t\000e\000n\000t\000s}{}% 3
\BOOKMARK [0][-]{dummy.6}{\376\377\000L\000i\000s\000t\000\040\000o\000f\000\040\000F\000i\000g\000u\000r\000e\000s}{}% 4
\BOOKMARK [0][-]{dummy.8}{\376\377\000I\000n\000t\000r\000o\000d\000u\000c\000t\000i\000o\000n}{}% 5
\BOOKMARK [0][-]{chapter.10}{\376\377\0001\000\040\000H\000e\000t\000e\000r\000o\000g\000e\000n\000e\000o\000u\000s\000\040\000C\000o\000m\000p\000u\000t\000i\000n\000g}{}% 6
\BOOKMARK [1][-]{section.11}{\376\377\0001\000.\0001\000\040\000M\000o\000t\000i\000v\000a\000t\000i\000o\000n}{chapter.10}% 7
\BOOKMARK [1][-]{section.13}{\376\377\0001\000.\0002\000\040\000G\000P\000U\000s\000\040\000a\000s\000\040\000c\000o\000m\000p\000u\000t\000i\000n\000g\000\040\000u\000n\000i\000t\000s}{chapter.10}% 8
\BOOKMARK [1][-]{section.16}{\376\377\0001\000.\0003\000\040\000P\000r\000o\000g\000r\000a\000m\000m\000i\000n\000g\000\040\000o\000n\000\040\000G\000P\000U\000s}{chapter.10}% 9
\BOOKMARK [1][-]{section.20}{\376\377\0001\000.\0004\000\040\000V\000e\000c\000t\000o\000r\000\040\000A\000d\000d\000i\000t\000i\000o\000n\000\040\000E\000x\000a\000m\000p\000l\000e}{chapter.10}% 10
\BOOKMARK [0][-]{chapter.21}{\376\377\0002\000\040\000H\000e\000t\000e\000r\000o\000g\000e\000n\000e\000o\000u\000s\000\040\000P\000e\000r\000f\000o\000r\000m\000a\000n\000c\000e\000\040\000A\000n\000a\000l\000y\000s\000i\000s\000\040}{}% 11
\BOOKMARK [1][-]{section.22}{\376\377\0002\000.\0001\000\040\000P\000e\000r\000f\000o\000r\000m\000a\000n\000c\000e\000\040\000M\000e\000t\000r\000i\000c\000s}{chapter.21}% 12
\BOOKMARK [2][-]{subsection.23}{\376\377\0002\000.\0001\000.\0001\000\040\000T\000i\000m\000i\000n\000g}{section.22}% 13
\BOOKMARK [2][-]{subsection.24}{\376\377\0002\000.\0001\000.\0002\000\040\000B\000a\000n\000d\000w\000i\000d\000t\000h}{section.22}% 14
\BOOKMARK [1][-]{section.25}{\376\377\0002\000.\0002\000\040\000V\000i\000s\000u\000a\000l\000\040\000P\000r\000o\000f\000i\000l\000e\000r}{chapter.21}% 15
\BOOKMARK [2][-]{subsection.26}{\376\377\0002\000.\0002\000.\0001\000\040\000K\000e\000r\000n\000e\000l\000\040\000A\000n\000a\000l\000y\000s\000i\000s}{section.25}% 16
\BOOKMARK [1][-]{section.27}{\376\377\0002\000.\0003\000\040\000M\000e\000m\000o\000r\000y\000\040\000H\000a\000n\000d\000l\000i\000n\000g\000\040\000w\000i\000t\000h\000\040\000C\000U\000D\000A}{chapter.21}% 17
\BOOKMARK [2][-]{subsection.29}{\376\377\0002\000.\0003\000.\0001\000\040\000G\000l\000o\000b\000a\000l\000\040\000M\000e\000m\000o\000r\000y}{section.27}% 18
\BOOKMARK [2][-]{subsection.30}{\376\377\0002\000.\0003\000.\0002\000\040\000S\000h\000a\000r\000e\000d\000\040\000M\000e\000m\000o\000r\000y}{section.27}% 19
\BOOKMARK [2][-]{subsection.31}{\376\377\0002\000.\0003\000.\0003\000\040\000C\000o\000n\000s\000t\000a\000n\000t\000\040\000M\000e\000m\000o\000r\000y}{section.27}% 20
\BOOKMARK [2][-]{subsection.32}{\376\377\0002\000.\0003\000.\0004\000\040\000T\000e\000x\000t\000u\000r\000e\000\040\000M\000e\000m\000o\000r\000y}{section.27}% 21
\BOOKMARK [2][-]{subsection.34}{\376\377\0002\000.\0003\000.\0005\000\040\000T\000h\000r\000e\000a\000d\000\040\000S\000y\000n\000c\000h\000r\000o\000n\000i\000z\000a\000t\000i\000o\000n}{section.27}% 22
\BOOKMARK [1][-]{section.35}{\376\377\0002\000.\0004\000\040\000P\000e\000r\000f\000o\000r\000m\000a\000n\000c\000e\000\040\000I\000s\000s\000u\000e}{chapter.21}% 23
\BOOKMARK [2][-]{subsection.36}{\376\377\0002\000.\0004\000.\0001\000\040\000H\000a\000r\000d\000w\000a\000r\000e\000\040\000c\000o\000n\000s\000t\000r\000a\000i\000n\000t\000s}{section.35}% 24
\BOOKMARK [2][-]{subsection.37}{\376\377\0002\000.\0004\000.\0002\000\040\000T\000h\000r\000e\000a\000d\000\040\000D\000i\000v\000i\000s\000i\000o\000n}{section.35}% 25
\BOOKMARK [0][-]{chapter.38}{\376\377\0003\000\040\000I\000n\000t\000r\000o\000d\000u\000c\000t\000i\000o\000n\000\040\000t\000o\000\040\000D\000o\000m\000a\000i\000n\000\040\000W\000a\000l\000l\000\040\000D\000y\000n\000a\000m\000i\000c\000s\000\040\000a\000n\000d\000\040\000a\000\040\000I\000m\000p\000l\000e\000m\000e\000n\000t\000a\000t\000i\000o\000n\000\040\000w\000i\000t\000h\000\040\000C\000U\000D\000A}{}% 26
\BOOKMARK [1][-]{section.39}{\376\377\0003\000.\0001\000\040\000T\000h\000e\000o\000r\000y}{chapter.38}% 27
\BOOKMARK [1][-]{section.41}{\376\377\0003\000.\0002\000\040\000D\000o\000m\000a\000i\000n\000\040\000W\000a\000l\000l\000\040\000D\000y\000n\000a\000m\000i\000c\000s\000\040\000o\000n\000\040\000t\000h\000e\000\040\000G\000P\000U}{chapter.38}% 28
\BOOKMARK [2][-]{subsection.42}{\376\377\0003\000.\0002\000.\0001\000\040\000R\000u\000n\000g\000g\000e\000\040\000a\000n\000d\000\040\000K\000u\000t\000t\000a}{section.41}% 29
\BOOKMARK [2][-]{subsection.46}{\376\377\0003\000.\0002\000.\0002\000\040\000K\000e\000r\000n\000e\000l\000s}{section.41}% 30
\BOOKMARK [2][-]{subsection.73}{\376\377\0003\000.\0002\000.\0003\000\040\000C\000P\000U}{section.41}% 31
\BOOKMARK [2][-]{subsection.74}{\376\377\0003\000.\0002\000.\0004\000\040\000G\000P\000U}{section.41}% 32
\BOOKMARK [2][-]{subsection.85}{\376\377\0003\000.\0002\000.\0005\000\040\000K\000G\0004}{section.41}% 33
\BOOKMARK [2][-]{subsection.95}{\376\377\0003\000.\0002\000.\0006\000\040\000e\000f\000f\000e\000c\000t\000i\000v\000e\000\040\000v\000a\000l\000u\000e\000s}{section.41}% 34
\BOOKMARK [2][-]{subsection.102}{\376\377\0003\000.\0002\000.\0007\000\040\000t\000i\000m\000e}{section.41}% 35
\BOOKMARK [1][-]{section.103}{\376\377\0003\000.\0003\000\040\000V\000a\000l\000i\000d\000a\000t\000i\000o\000n}{chapter.38}% 36
\BOOKMARK [1][-]{section.104}{\376\377\0003\000.\0004\000\040\000H\000e\000l\000p\000\040\000K\000e\000r\000n\000e\000l\000s}{chapter.38}% 37
\BOOKMARK [1][-]{section.105}{\376\377\0003\000.\0005\000\040\000D\000a\000t\000a\000\040\000F\000l\000o\000w}{chapter.38}% 38
\BOOKMARK [0][-]{chapter.106}{\376\377\0004\000\040\000O\000p\000t\000i\000m\000i\000z\000a\000t\000i\000o\000n\000\040\000R\000e\000s\000u\000l\000t\000s}{}% 39
\BOOKMARK [1][-]{section.107}{\376\377\0004\000.\0001\000\040\000S\000u\000p\000e\000r\000c\000o\000m\000p\000u\000t\000e\000r\000\040\000`\000`\000P\000i\000r\000i\000t\000a\000k\000u\000a\000'\000'}{chapter.106}% 40
\BOOKMARK [2][-]{subsection.108}{\376\377\0004\000.\0001\000.\0001\000\040\000E\000x\000p\000e\000r\000i\000m\000e\000n\000t\000\040\000d\000e\000t\000a\000i\000l}{section.107}% 41
\BOOKMARK [1][-]{section.109}{\376\377\0004\000.\0002\000\040\000R\000e\000s\000u\000l\000t\000s}{chapter.106}% 42
\BOOKMARK [2][-]{subsection.110}{\376\377\0004\000.\0002\000.\0001\000\040\000I\000n\000i\000t\000i\000a\000l\000\040\000T\000e\000s\000t}{section.109}% 43
\BOOKMARK [3][-]{subsubsection.111}{\376\377\0004\000.\0002\000.\0001\000.\0001\000\040\000V\000i\000s\000u\000a\000l\000\040\000p\000r\000o\000f\000i\000l\000e\000r}{subsection.110}% 44
\BOOKMARK [2][-]{subsection.112}{\376\377\0004\000.\0002\000.\0002\000\040\000O\000b\000t\000i\000m\000i\000z\000e\000d}{section.109}% 45
\BOOKMARK [2][-]{subsection.113}{\376\377\0004\000.\0002\000.\0003\000\040\000S\000u\000b\000s\000e\000c\000t\000i\000o\000n\000\040\0002}{section.109}% 46
\BOOKMARK [1][-]{section.114}{\376\377\0004\000.\0003\000\040\000M\000a\000i\000n\000\040\000S\000e\000c\000t\000i\000o\000n\000\040\0002}{chapter.106}% 47
\BOOKMARK [0][-]{chapter.115}{\376\377\0005\000\040\000C\000o\000n\000c\000l\000u\000s\000i\000o\000n\000s\000\040\000a\000n\000d\000\040\000f\000u\000t\000u\000r\000e\000\040\000w\000o\000r\000k}{}% 48
\BOOKMARK [1][-]{section.116}{\376\377\0005\000.\0001\000\040\000M\000a\000i\000n\000\040\000S\000e\000c\000t\000i\000o\000n\000\040\0001}{chapter.115}% 49
\BOOKMARK [0][-]{appendix.117}{\376\377\000A\000\040\000A\000p\000p\000e\000n\000d\000i\000x\000\040\000T\000i\000t\000l\000e\000\040\000H\000e\000r\000e}{}% 50
\BOOKMARK [0][-]{dummy.118}{\376\377\000B\000i\000b\000l\000i\000o\000g\000r\000a\000p\000h\000y}{}% 51
