\BOOKMARK [0][-]{dummy.2}{\376\377\000A\000b\000s\000t\000r\000a\000c\000t}{}% 1
\BOOKMARK [0][-]{dummy.3}{\376\377\000A\000c\000k\000n\000o\000w\000l\000e\000d\000g\000e\000m\000e\000n\000t\000s}{}% 2
\BOOKMARK [0][-]{dummy.4}{\376\377\000C\000o\000n\000t\000e\000n\000t\000s}{}% 3
\BOOKMARK [0][-]{dummy.6}{\376\377\000L\000i\000s\000t\000\040\000o\000f\000\040\000F\000i\000g\000u\000r\000e\000s}{}% 4
\BOOKMARK [0][-]{dummy.8}{\376\377\000I\000n\000t\000r\000o\000d\000u\000c\000t\000i\000o\000n}{}% 5
\BOOKMARK [0][-]{chapter.10}{\376\377\0001\000\040\000H\000e\000t\000e\000r\000o\000g\000e\000n\000e\000o\000u\000s\000\040\000C\000o\000m\000p\000u\000t\000i\000n\000g}{}% 6
\BOOKMARK [1][-]{section.11}{\376\377\0001\000.\0001\000\040\000M\000o\000t\000i\000v\000a\000t\000i\000o\000n}{chapter.10}% 7
\BOOKMARK [1][-]{section.13}{\376\377\0001\000.\0002\000\040\000G\000P\000U\000s\000\040\000a\000s\000\040\000c\000o\000m\000p\000u\000t\000i\000n\000g\000\040\000u\000n\000i\000t\000s}{chapter.10}% 8
\BOOKMARK [1][-]{section.16}{\376\377\0001\000.\0003\000\040\000P\000r\000o\000g\000r\000a\000m\000m\000i\000n\000g\000\040\000o\000n\000\040\000G\000P\000U\000s}{chapter.10}% 9
\BOOKMARK [2][-]{subsection.20}{\376\377\0001\000.\0003\000.\0001\000\040\000V\000e\000c\000t\000o\000r\000\040\000A\000d\000d\000i\000t\000i\000o\000n\000\040\000E\000x\000a\000m\000p\000l\000e}{section.16}% 10
\BOOKMARK [3][-]{subsubsection.22}{\376\377\0001\000.\0003\000.\0001\000.\0001\000\040\000C\000P\000U\000\040\000C\000o\000d\000e}{subsection.20}% 11
\BOOKMARK [3][-]{subsubsection.58}{\376\377\0001\000.\0003\000.\0001\000.\0002\000\040\000G\000P\000U\000\040\000C\000o\000d\000e}{subsection.20}% 12
\BOOKMARK [0][-]{chapter.105}{\376\377\0002\000\040\000H\000e\000t\000e\000r\000o\000g\000e\000n\000e\000o\000u\000s\000\040\000P\000e\000r\000f\000o\000r\000m\000a\000n\000c\000e\000\040\000A\000n\000a\000l\000y\000s\000i\000s\000\040\000a\000n\000d\000\040\000P\000r\000a\000c\000t\000i\000c\000e\000s}{}% 13
\BOOKMARK [1][-]{section.106}{\376\377\0002\000.\0001\000\040\000P\000r\000a\000c\000t\000i\000c\000e\000s}{chapter.105}% 14
\BOOKMARK [1][-]{section.112}{\376\377\0002\000.\0002\000\040\000P\000e\000r\000f\000o\000r\000m\000a\000n\000c\000e\000\040\000M\000e\000t\000r\000i\000c\000s}{chapter.105}% 15
\BOOKMARK [2][-]{subsection.113}{\376\377\0002\000.\0002\000.\0001\000\040\000T\000i\000m\000i\000n\000g}{section.112}% 16
\BOOKMARK [2][-]{subsection.114}{\376\377\0002\000.\0002\000.\0002\000\040\000B\000a\000n\000d\000w\000i\000d\000t\000h}{section.112}% 17
\BOOKMARK [1][-]{section.115}{\376\377\0002\000.\0003\000\040\000M\000e\000m\000o\000r\000y\000\040\000H\000a\000n\000d\000l\000i\000n\000g\000\040\000w\000i\000t\000h\000\040\000C\000U\000D\000A}{chapter.105}% 18
\BOOKMARK [2][-]{subsection.118}{\376\377\0002\000.\0003\000.\0001\000\040\000G\000l\000o\000b\000a\000l\000\040\000M\000e\000m\000o\000r\000y}{section.115}% 19
\BOOKMARK [2][-]{subsection.119}{\376\377\0002\000.\0003\000.\0002\000\040\000S\000h\000a\000r\000e\000d\000\040\000M\000e\000m\000o\000r\000y}{section.115}% 20
\BOOKMARK [2][-]{subsection.120}{\376\377\0002\000.\0003\000.\0003\000\040\000C\000o\000n\000s\000t\000a\000n\000t\000\040\000M\000e\000m\000o\000r\000y}{section.115}% 21
\BOOKMARK [2][-]{subsection.121}{\376\377\0002\000.\0003\000.\0004\000\040\000T\000e\000x\000t\000u\000r\000e\000\040\000M\000e\000m\000o\000r\000y}{section.115}% 22
\BOOKMARK [2][-]{subsection.123}{\376\377\0002\000.\0003\000.\0005\000\040\000T\000h\000r\000e\000a\000d\000\040\000S\000y\000n\000c\000h\000r\000o\000n\000i\000z\000a\000t\000i\000o\000n}{section.115}% 23
\BOOKMARK [1][-]{section.124}{\376\377\0002\000.\0004\000\040\000C\000o\000n\000c\000u\000r\000r\000e\000n\000t\000\040\000K\000e\000r\000n\000e\000l\000s}{chapter.105}% 24
\BOOKMARK [1][-]{section.126}{\376\377\0002\000.\0005\000\040\000K\000e\000r\000n\000e\000l\000\040\000A\000n\000a\000l\000y\000s\000i\000s}{chapter.105}% 25
\BOOKMARK [1][-]{section.127}{\376\377\0002\000.\0006\000\040\000H\000a\000r\000d\000w\000a\000r\000e\000\040\000c\000o\000n\000s\000t\000r\000a\000i\000n\000t\000s}{chapter.105}% 26
\BOOKMARK [2][-]{subsection.128}{\376\377\0002\000.\0006\000.\0001\000\040\000T\000h\000r\000e\000a\000d\000\040\000D\000i\000v\000i\000s\000i\000o\000n}{section.127}% 27
\BOOKMARK [1][-]{section.129}{\376\377\0002\000.\0007\000\040\000V\000i\000s\000u\000a\000l\000\040\000P\000r\000o\000f\000i\000l\000e\000r}{chapter.105}% 28
\BOOKMARK [2][-]{subsection.132}{\376\377\0002\000.\0007\000.\0001\000\040\000P\000r\000o\000f\000i\000l\000e\000r\000\040\000K\000e\000r\000n\000e\000l\000\040\000R\000e\000p\000o\000r\000t}{section.129}% 29
\BOOKMARK [2][-]{subsection.138}{\376\377\0002\000.\0007\000.\0002\000\040\000C\000o\000l\000l\000e\000c\000t\000\040\000D\000a\000t\000a\000\040\000O\000n\000\040\000R\000e\000m\000o\000t\000e\000\040\000S\000y\000s\000t\000e\000m}{section.129}% 30
\BOOKMARK [0][-]{chapter.139}{\376\377\0003\000\040\000I\000n\000t\000r\000o\000d\000u\000c\000t\000i\000o\000n\000\040\000t\000o\000\040\000D\000o\000m\000a\000i\000n\000\040\000W\000a\000l\000l\000\040\000D\000y\000n\000a\000m\000i\000c\000s}{}% 31
\BOOKMARK [1][-]{section.140}{\376\377\0003\000.\0001\000\040\000S\000p\000i\000n\000t\000r\000o\000n\000i\000c\000s}{chapter.139}% 32
\BOOKMARK [1][-]{section.141}{\376\377\0003\000.\0002\000\040\000D\000o\000m\000a\000i\000n\000\040\000W\000a\000l\000l}{chapter.139}% 33
\BOOKMARK [1][-]{section.143}{\376\377\0003\000.\0003\000\040\000Z\000h\000a\000n\000g\000\040\000a\000n\000d\000\040\000L\000i\000\040\000M\000o\000d\000e\000l}{chapter.139}% 34
\BOOKMARK [1][-]{section.146}{\376\377\0003\000.\0004\000\040\000N\000u\000m\000e\000r\000i\000c\000a\000l\000\040\000s\000o\000l\000u\000t\000i\000o\000n}{chapter.139}% 35
\BOOKMARK [2][-]{subsection.150}{\376\377\0003\000.\0004\000.\0001\000\040\000F\000i\000n\000i\000t\000e\000\040\000d\000i\000f\000f\000e\000r\000e\000n\000c\000e\000s\000\040\000i\000n\000\040\000t\000h\000e\000\040\000t\000i\000m\000e\000\040\000d\000o\000m\000a\000i\000n}{section.146}% 36
\BOOKMARK [3][-]{subsubsection.155}{\376\377\0003\000.\0004\000.\0001\000.\0001\000\040\000B\000o\000u\000n\000d\000a\000r\000y\000\040\000c\000o\000n\000d\000i\000t\000i\000o\000n\000s\000\040\000i\000m\000p\000l\000e\000m\000e\000n\000t\000a\000t\000i\000o\000n}{subsection.150}% 37
\BOOKMARK [2][-]{subsection.159}{\376\377\0003\000.\0004\000.\0002\000\040\000F\000o\000u\000r\000t\000h\000\040\000o\000r\000d\000e\000r\000\040\000R\000u\000n\000g\000e\000\040\000a\000n\000d\000\040\000K\000u\000t\000t\000a\000\040\000m\000e\000t\000h\000o\000d}{section.146}% 38
\BOOKMARK [2][-]{subsection.164}{\376\377\0003\000.\0004\000.\0003\000\040\000E\000f\000f\000e\000c\000t\000i\000v\000e\000\040\000B\000e\000t\000a}{section.146}% 39
\BOOKMARK [2][-]{subsection.166}{\376\377\0003\000.\0004\000.\0004\000\040\000P\000r\000o\000c\000e\000d\000u\000r\000e}{section.146}% 40
\BOOKMARK [0][-]{chapter.167}{\376\377\0004\000\040\000I\000m\000p\000l\000e\000m\000e\000n\000t\000a\000t\000i\000o\000n\000\040\000o\000f\000\040\000D\000W\000\040\000D\000y\000n\000a\000m\000i\000c\000s\000\040\000u\000n\000d\000e\000r\000\040\000N\000o\000n\000l\000o\000c\000a\000l\000\040\000S\000p\000i\000n\000-\000T\000r\000a\000n\000s\000f\000e\000r\000\040\000T\000o\000r\000q\000u\000e}{}% 41
\BOOKMARK [1][-]{section.168}{\376\377\0004\000.\0001\000\040\000S\000i\000m\000u\000l\000a\000t\000i\000o\000n}{chapter.167}% 42
\BOOKMARK [2][-]{subsection.172}{\376\377\0004\000.\0001\000.\0001\000\040\000D\000a\000t\000a\000\040\000a\000l\000l\000o\000c\000a\000t\000i\000o\000n\000\040\000a\000n\000d\000\040\000t\000h\000r\000e\000a\000d\000s}{section.168}% 43
\BOOKMARK [2][-]{subsection.189}{\376\377\0004\000.\0001\000.\0002\000\040\000I\000n\000i\000t\000i\000a\000l\000\040\000C\000a\000l\000c\000u\000l\000a\000t\000i\000o\000n\000s}{section.168}% 44
\BOOKMARK [2][-]{subsection.205}{\376\377\0004\000.\0001\000.\0003\000\040\000N\000u\000m\000e\000r\000i\000c\000a\000l\000\040\000M\000e\000t\000h\000o\000d\000s}{section.168}% 45
\BOOKMARK [3][-]{subsubsection.208}{\376\377\0004\000.\0001\000.\0003\000.\0001\000\040\000F\000i\000n\000i\000t\000e\000\040\000d\000i\000f\000f\000e\000r\000e\000n\000c\000e\000s\000\040\000i\000n\000\040\000t\000h\000e\000\040\000t\000i\000m\000e\000\040\000d\000o\000m\000a\000i\000n}{subsection.205}% 46
\BOOKMARK [3][-]{subsubsection.237}{\376\377\0004\000.\0001\000.\0003\000.\0002\000\040\000Z\000h\000a\000n\000g\000\040\000a\000n\000d\000\040\000L\000i\000\040\000M\000o\000d\000e\000l}{subsection.205}% 47
\BOOKMARK [3][-]{subsubsection.244}{\376\377\0004\000.\0001\000.\0003\000.\0003\000\040\000R\000u\000n\000g\000e\000\040\000a\000n\000d\000\040\000K\000u\000t\000t\000a}{subsection.205}% 48
\BOOKMARK [3][-]{subsubsection.252}{\376\377\0004\000.\0001\000.\0003\000.\0004\000\040\000F\000i\000n\000a\000l\000\040\000e\000v\000a\000l\000u\000a\000t\000i\000o\000n}{subsection.205}% 49
\BOOKMARK [2][-]{subsection.264}{\376\377\0004\000.\0001\000.\0004\000\040\000C\000a\000l\000c\000u\000l\000a\000t\000e\000\040\000e\000f\000f\000e\000c\000t\000i\000v\000e\000\040\000b\000e\000t\000a}{section.168}% 50
\BOOKMARK [1][-]{section.271}{\376\377\0004\000.\0002\000\040\000V\000a\000l\000i\000d\000a\000t\000i\000o\000n}{chapter.167}% 51
\BOOKMARK [0][-]{chapter.273}{\376\377\0005\000\040\000O\000p\000t\000i\000m\000i\000z\000a\000t\000i\000o\000n\000\040\000R\000e\000s\000u\000l\000t\000s}{}% 52
\BOOKMARK [1][-]{section.274}{\376\377\0005\000.\0001\000\040\000S\000u\000p\000e\000r\000c\000o\000m\000p\000u\000t\000e\000r\000\040\000`\000`\000P\000i\000r\000i\000t\000a\000k\000u\000a\000'\000'}{chapter.273}% 53
\BOOKMARK [2][-]{subsection.277}{\376\377\0005\000.\0001\000.\0001\000\040\000A\000r\000c\000h\000i\000t\000e\000c\000t\000u\000r\000e\000\040\000D\000i\000f\000f\000e\000r\000e\000n\000c\000e\000s}{section.274}% 54
\BOOKMARK [2][-]{subsection.279}{\376\377\0005\000.\0001\000.\0002\000\040\000E\000x\000p\000e\000r\000i\000m\000e\000n\000t\000\040\000m\000e\000t\000r\000i\000c\000s}{section.274}% 55
\BOOKMARK [1][-]{section.281}{\376\377\0005\000.\0002\000\040\000R\000e\000s\000u\000l\000t\000s}{chapter.273}% 56
\BOOKMARK [2][-]{subsection.283}{\376\377\0005\000.\0002\000.\0001\000\040\000I\000n\000i\000t\000i\000a\000l\000\040\000T\000e\000s\000t}{section.281}% 57
\BOOKMARK [3][-]{subsubsection.285}{\376\377\0005\000.\0002\000.\0001\000.\0001\000\040\000V\000i\000s\000u\000a\000l\000\040\000p\000r\000o\000f\000i\000l\000e\000r}{subsection.283}% 58
\BOOKMARK [2][-]{subsection.286}{\376\377\0005\000.\0002\000.\0002\000\040\000B\000r\000a\000n\000c\000h\000i\000n\000g}{section.281}% 59
\BOOKMARK [2][-]{subsection.353}{\376\377\0005\000.\0002\000.\0003\000\040\000O\000c\000c\000u\000p\000a\000n\000c\000y}{section.281}% 60
\BOOKMARK [2][-]{subsection.360}{\376\377\0005\000.\0002\000.\0004\000\040\000C\000o\000n\000c\000u\000r\000r\000e\000n\000t\000\040\000K\000e\000r\000n\000e\000l\000s}{section.281}% 61
\BOOKMARK [3][-]{subsubsection.409}{\376\377\0005\000.\0002\000.\0004\000.\0001\000\040\000R\000e\000s\000u\000l\000t\000s}{subsection.360}% 62
\BOOKMARK [2][-]{subsection.410}{\376\377\0005\000.\0002\000.\0005\000\040\000S\000h\000a\000r\000e\000d\000\040\000M\000e\000m\000o\000r\000y}{section.281}% 63
\BOOKMARK [3][-]{subsubsection.415}{\376\377\0005\000.\0002\000.\0005\000.\0001\000\040\000R\000e\000s\000u\000l\000t\000s}{subsection.410}% 64
\BOOKMARK [2][-]{subsection.416}{\376\377\0005\000.\0002\000.\0006\000\040\000S\000t\000r\000u\000c\000t\000u\000r\000e\000\040\000o\000f\000\040\000A\000r\000r\000a\000y\000s\000,\000\040\000S\000A\000O}{section.281}% 65
\BOOKMARK [1][-]{section.429}{\376\377\0005\000.\0003\000\040\000O\000p\000t\000i\000m\000i\000z\000a\000t\000i\000o\000n\000\040\000R\000e\000s\000u\000l\000t\000s}{chapter.273}% 66
\BOOKMARK [0][-]{chapter.432}{\376\377\0006\000\040\000C\000o\000n\000c\000l\000u\000s\000i\000o\000n\000s\000\040\000a\000n\000d\000\040\000f\000u\000t\000u\000r\000e\000\040\000w\000o\000r\000k}{}% 67
