This is pdfTeX, Version 3.1415926-2.5-1.40.14 (TeX Live 2013) (format=pdflatex 2013.5.30)  20 MAR 2015 21:43
entering extended mode
 restricted \write18 enabled.
 file:line:error style messages enabled.
 %&-line parsing enabled.
**main.tex
(./main.tex
LaTeX2e <2011/06/27>
Babel <3.9f> and hyphenation patterns for 78 languages loaded.
(./Thesis.cls
Document Class: Thesis 2007/22/02 v1.0 LaTeX document class
(/usr/local/texlive/2013/texmf-dist/tex/latex/base/book.cls
Document Class: book 2007/10/19 v1.4h Standard LaTeX document class
(/usr/local/texlive/2013/texmf-dist/tex/latex/base/bk11.clo
File: bk11.clo 2007/10/19 v1.4h Standard LaTeX file (size option)
)
\c@part=\count79
\c@chapter=\count80
\c@section=\count81
\c@subsection=\count82
\c@subsubsection=\count83
\c@paragraph=\count84
\c@subparagraph=\count85
\c@figure=\count86
\c@table=\count87
\abovecaptionskip=\skip41
\belowcaptionskip=\skip42
\bibindent=\dimen102
) (/usr/local/texlive/2013/texmf-dist/tex/latex/setspace/setspace.sty
Package: setspace 2011/12/19 v6.7a set line spacing
) (/usr/local/texlive/2013/texmf-dist/tex/latex/vmargin/vmargin.sty
Package: vmargin 2004/07/15 V2.5 set document margins (VK)

Package: vmargin 2004/07/15 V2.5 set document margins (VK)
\PaperWidth=\dimen103
\PaperHeight=\dimen104
) (/usr/local/texlive/2013/texmf-dist/tex/latex/fancyhdr/fancyhdr.sty
\fancy@headwidth=\skip43
\f@ncyO@elh=\skip44
\f@ncyO@erh=\skip45
\f@ncyO@olh=\skip46
\f@ncyO@orh=\skip47
\f@ncyO@elf=\skip48
\f@ncyO@erf=\skip49
\f@ncyO@olf=\skip50
\f@ncyO@orf=\skip51
) (/usr/local/texlive/2013/texmf-dist/tex/latex/amsmath/amsmath.sty
Package: amsmath 2013/01/14 v2.14 AMS math features
\@mathmargin=\skip52

For additional information on amsmath, use the `?' option.
(/usr/local/texlive/2013/texmf-dist/tex/latex/amsmath/amstext.sty
Package: amstext 2000/06/29 v2.01
 (/usr/local/texlive/2013/texmf-dist/tex/latex/amsmath/amsgen.sty
File: amsgen.sty 1999/11/30 v2.0
\@emptytoks=\toks14
\ex@=\dimen105
)) (/usr/local/texlive/2013/texmf-dist/tex/latex/amsmath/amsbsy.sty
Package: amsbsy 1999/11/29 v1.2d
\pmbraise@=\dimen106
) (/usr/local/texlive/2013/texmf-dist/tex/latex/amsmath/amsopn.sty
Package: amsopn 1999/12/14 v2.01 operator names
)
\inf@bad=\count88
LaTeX Info: Redefining \frac on input line 210.
\uproot@=\count89
\leftroot@=\count90
LaTeX Info: Redefining \overline on input line 306.
\classnum@=\count91
\DOTSCASE@=\count92
LaTeX Info: Redefining \ldots on input line 378.
LaTeX Info: Redefining \dots on input line 381.
LaTeX Info: Redefining \cdots on input line 466.
\Mathstrutbox@=\box26
\strutbox@=\box27
\big@size=\dimen107
LaTeX Font Info:    Redeclaring font encoding OML on input line 566.
LaTeX Font Info:    Redeclaring font encoding OMS on input line 567.
\macc@depth=\count93
\c@MaxMatrixCols=\count94
\dotsspace@=\muskip10
\c@parentequation=\count95
\dspbrk@lvl=\count96
\tag@help=\toks15
\row@=\count97
\column@=\count98
\maxfields@=\count99
\andhelp@=\toks16
\eqnshift@=\dimen108
\alignsep@=\dimen109
\tagshift@=\dimen110
\tagwidth@=\dimen111
\totwidth@=\dimen112
\lineht@=\dimen113
\@envbody=\toks17
\multlinegap=\skip53
\multlinetaggap=\skip54
\mathdisplay@stack=\toks18
LaTeX Info: Redefining \[ on input line 2665.
LaTeX Info: Redefining \] on input line 2666.
) (/usr/local/texlive/2013/texmf-dist/tex/latex/amsfonts/amsfonts.sty
Package: amsfonts 2013/01/14 v3.01 Basic AMSFonts support
\symAMSa=\mathgroup4
\symAMSb=\mathgroup5
LaTeX Font Info:    Overwriting math alphabet `\mathfrak' in version `bold'
(Font)                  U/euf/m/n --> U/euf/b/n on input line 106.
) (/usr/local/texlive/2013/texmf-dist/tex/latex/amsfonts/amssymb.sty
Package: amssymb 2013/01/14 v3.01 AMS font symbols
) (/usr/local/texlive/2013/texmf-dist/tex/latex/amsmath/amscd.sty
Package: amscd 1999/11/29 v2.0
\athelp@=\toks19
\minaw@=\dimen114
\bigaw@=\dimen115
\minCDarrowwidth=\dimen116
) (/usr/local/texlive/2013/texmf-dist/tex/latex/amscls/amsthm.sty
Package: amsthm 2004/08/06 v2.20
\thm@style=\toks20
\thm@bodyfont=\toks21
\thm@headfont=\toks22
\thm@notefont=\toks23
\thm@headpunct=\toks24
\thm@preskip=\skip55
\thm@postskip=\skip56
\thm@headsep=\skip57
\dth@everypar=\toks25
) (/usr/local/texlive/2013/texmf-dist/tex/latex/tools/xspace.sty
Package: xspace 2009/10/20 v1.13 Space after command names (DPC,MH)
)
\c@example=\count100
\c@theorem=\count101
 (/usr/local/texlive/2013/texmf-dist/tex/latex/caption/caption.sty
Package: caption 2013/05/02 v3.3-89 Customizing captions (AR)
 (/usr/local/texlive/2013/texmf-dist/tex/latex/caption/caption3.sty
Package: caption3 2013/05/02 v1.6-88 caption3 kernel (AR)
Package caption3 Info: TeX engine: e-TeX on input line 57.
 (/usr/local/texlive/2013/texmf-dist/tex/latex/graphics/keyval.sty
Package: keyval 1999/03/16 v1.13 key=value parser (DPC)
\KV@toks@=\toks26
)
\captionmargin=\dimen117
\captionmargin@=\dimen118
\captionwidth=\dimen119
\caption@tempdima=\dimen120
\caption@indent=\dimen121
\caption@parindent=\dimen122
\caption@hangindent=\dimen123
)
\c@ContinuedFloat=\count102
) (/usr/local/texlive/2013/texmf-dist/tex/latex/graphics/graphicx.sty
Package: graphicx 1999/02/16 v1.0f Enhanced LaTeX Graphics (DPC,SPQR)
 (/usr/local/texlive/2013/texmf-dist/tex/latex/graphics/graphics.sty
Package: graphics 2009/02/05 v1.0o Standard LaTeX Graphics (DPC,SPQR)
 (/usr/local/texlive/2013/texmf-dist/tex/latex/graphics/trig.sty
Package: trig 1999/03/16 v1.09 sin cos tan (DPC)
) (/usr/local/texlive/2013/texmf-dist/tex/latex/latexconfig/graphics.cfg
File: graphics.cfg 2010/04/23 v1.9 graphics configuration of TeX Live
)
Package graphics Info: Driver file: pdftex.def on input line 91.
 (/usr/local/texlive/2013/texmf-dist/tex/latex/pdftex-def/pdftex.def
File: pdftex.def 2011/05/27 v0.06d Graphics/color for pdfTeX
 (/usr/local/texlive/2013/texmf-dist/tex/generic/oberdiek/infwarerr.sty
Package: infwarerr 2010/04/08 v1.3 Providing info/warning/error messages (HO)
) (/usr/local/texlive/2013/texmf-dist/tex/generic/oberdiek/ltxcmds.sty
Package: ltxcmds 2011/11/09 v1.22 LaTeX kernel commands for general use (HO)
)
\Gread@gobject=\count103
))
\Gin@req@height=\dimen124
\Gin@req@width=\dimen125
) (/usr/local/texlive/2013/texmf-dist/tex/latex/oberdiek/epstopdf.sty
Package: epstopdf 2010/02/09 v2.5 Conversion with epstopdf on the fly (HO)
 (/usr/local/texlive/2013/texmf-dist/tex/latex/oberdiek/epstopdf-base.sty
Package: epstopdf-base 2010/02/09 v2.5 Base part for package epstopdf
 (/usr/local/texlive/2013/texmf-dist/tex/latex/oberdiek/grfext.sty
Package: grfext 2010/08/19 v1.1 Manage graphics extensions (HO)
 (/usr/local/texlive/2013/texmf-dist/tex/generic/oberdiek/kvdefinekeys.sty
Package: kvdefinekeys 2011/04/07 v1.3 Define keys (HO)
)) (/usr/local/texlive/2013/texmf-dist/tex/latex/oberdiek/kvoptions.sty
Package: kvoptions 2011/06/30 v3.11 Key value format for package options (HO)
 (/usr/local/texlive/2013/texmf-dist/tex/generic/oberdiek/kvsetkeys.sty
Package: kvsetkeys 2012/04/25 v1.16 Key value parser (HO)
 (/usr/local/texlive/2013/texmf-dist/tex/generic/oberdiek/etexcmds.sty
Package: etexcmds 2011/02/16 v1.5 Avoid name clashes with e-TeX commands (HO)
 (/usr/local/texlive/2013/texmf-dist/tex/generic/oberdiek/ifluatex.sty
Package: ifluatex 2010/03/01 v1.3 Provides the ifluatex switch (HO)
Package ifluatex Info: LuaTeX not detected.
)
Package etexcmds Info: Could not find \expanded.
(etexcmds)             That can mean that you are not using pdfTeX 1.50 or
(etexcmds)             that some package has redefined \expanded.
(etexcmds)             In the latter case, load this package earlier.
))) (/usr/local/texlive/2013/texmf-dist/tex/generic/oberdiek/pdftexcmds.sty
Package: pdftexcmds 2011/11/29 v0.20 Utility functions of pdfTeX for LuaTeX (HO)
 (/usr/local/texlive/2013/texmf-dist/tex/generic/oberdiek/ifpdf.sty
Package: ifpdf 2011/01/30 v2.3 Provides the ifpdf switch (HO)
Package ifpdf Info: pdfTeX in PDF mode is detected.
)
Package pdftexcmds Info: LuaTeX not detected.
Package pdftexcmds Info: \pdf@primitive is available.
Package pdftexcmds Info: \pdf@ifprimitive is available.
Package pdftexcmds Info: \pdfdraftmode found.
)
Package grfext Info: Graphics extension search list:
(grfext)             [.png,.pdf,.jpg,.mps,.jpeg,.jbig2,.jb2,.PNG,.PDF,.JPG,.JPEG,.JBIG2,.JB2,.eps]
(grfext)             \AppendGraphicsExtensions on input line 452.

(/usr/local/texlive/2013/texmf-dist/tex/latex/latexconfig/epstopdf-sys.cfg
File: epstopdf-sys.cfg 2010/07/13 v1.3 Configuration of (r)epstopdf for TeX Live
))) (/usr/local/texlive/2013/texmf-dist/tex/latex/booktabs/booktabs.sty
Package: booktabs 2005/04/14 v1.61803 publication quality tables
\heavyrulewidth=\dimen126
\lightrulewidth=\dimen127
\cmidrulewidth=\dimen128
\belowrulesep=\dimen129
\belowbottomsep=\dimen130
\aboverulesep=\dimen131
\abovetopsep=\dimen132
\cmidrulesep=\dimen133
\cmidrulekern=\dimen134
\defaultaddspace=\dimen135
\@cmidla=\count104
\@cmidlb=\count105
\@aboverulesep=\dimen136
\@belowrulesep=\dimen137
\@thisruleclass=\count106
\@lastruleclass=\count107
\@thisrulewidth=\dimen138
) (/usr/local/texlive/2013/texmf-dist/tex/latex/rotating/rotating.sty
Package: rotating 2009/03/28 v2.16a rotated objects in LaTeX
 (/usr/local/texlive/2013/texmf-dist/tex/latex/base/ifthen.sty
Package: ifthen 2001/05/26 v1.1c Standard LaTeX ifthen package (DPC)
)
\c@r@tfl@t=\count108
\rotFPtop=\skip58
\rotFPbot=\skip59
\rot@float@box=\box28
\rot@mess@toks=\toks27
) (/usr/local/texlive/2013/texmf-dist/tex/latex/listings/listings.sty
\lst@mode=\count109
\lst@gtempboxa=\box29
\lst@token=\toks28
\lst@length=\count110
\lst@currlwidth=\dimen139
\lst@column=\count111
\lst@pos=\count112
\lst@lostspace=\dimen140
\lst@width=\dimen141
\lst@newlines=\count113
\lst@lineno=\count114
\lst@maxwidth=\dimen142
 (./lstpatch.sty

***
*** This is a patch for listings 1.3, but you're using
*** version 1.4.
***
*** Patch file not loaded.
***

) (/usr/local/texlive/2013/texmf-dist/tex/latex/listings/lstmisc.sty
File: lstmisc.sty 2007/02/22 1.4 (Carsten Heinz)
\c@lstnumber=\count115
\lst@skipnumbers=\count116
\lst@framebox=\box30
) (/usr/local/texlive/2013/texmf-dist/tex/latex/listings/listings.cfg
File: listings.cfg 2007/02/22 1.4 listings configuration
))
Package: listings 2007/02/22 1.4 (Carsten Heinz)
 (./lstpatch.sty

***
*** This is a patch for listings 1.3, but you're using
*** version 1.4.
***
 *** Patch file not loaded.
***

) (/usr/local/texlive/2013/texmf-dist/tex/latex/hyperref/hyperref.sty
Package: hyperref 2012/11/06 v6.83m Hypertext links for LaTeX
 (/usr/local/texlive/2013/texmf-dist/tex/generic/oberdiek/hobsub-hyperref.sty
Package: hobsub-hyperref 2012/05/28 v1.13 Bundle oberdiek, subset hyperref (HO)
 (/usr/local/texlive/2013/texmf-dist/tex/generic/oberdiek/hobsub-generic.sty
Package: hobsub-generic 2012/05/28 v1.13 Bundle oberdiek, subset generic (HO)
Package: hobsub 2012/05/28 v1.13 Construct package bundles (HO)
Package hobsub Info: Skipping package `infwarerr' (already loaded).
Package hobsub Info: Skipping package `ltxcmds' (already loaded).
Package hobsub Info: Skipping package `ifluatex' (already loaded).
Package: ifvtex 2010/03/01 v1.5 Detect VTeX and its facilities (HO)
Package ifvtex Info: VTeX not detected.
Package: intcalc 2007/09/27 v1.1 Expandable calculations with integers (HO)
Package hobsub Info: Skipping package `ifpdf' (already loaded).
Package hobsub Info: Skipping package `etexcmds' (already loaded).
Package hobsub Info: Skipping package `kvsetkeys' (already loaded).
Package hobsub Info: Skipping package `kvdefinekeys' (already loaded).
Package hobsub Info: Skipping package `pdftexcmds' (already loaded).
Package: pdfescape 2011/11/25 v1.13 Implements pdfTeX's escape features (HO)
Package: bigintcalc 2012/04/08 v1.3 Expandable calculations on big integers (HO)
Package: bitset 2011/01/30 v1.1 Handle bit-vector datatype (HO)
Package: uniquecounter 2011/01/30 v1.2 Provide unlimited unique counter (HO)
)
Package hobsub Info: Skipping package `hobsub' (already loaded).
Package: letltxmacro 2010/09/02 v1.4 Let assignment for LaTeX macros (HO)
Package: hopatch 2012/05/28 v1.2 Wrapper for package hooks (HO)
Package: xcolor-patch 2011/01/30 xcolor patch
Package: atveryend 2011/06/30 v1.8 Hooks at the very end of document (HO)
Package atveryend Info: \enddocument detected (standard20110627).
Package: atbegshi 2011/10/05 v1.16 At begin shipout hook (HO)
Package: refcount 2011/10/16 v3.4 Data extraction from label references (HO)
Package: hycolor 2011/01/30 v1.7 Color options for hyperref/bookmark (HO)
) (/usr/local/texlive/2013/texmf-dist/tex/generic/ifxetex/ifxetex.sty
Package: ifxetex 2010/09/12 v0.6 Provides ifxetex conditional
) (/usr/local/texlive/2013/texmf-dist/tex/latex/oberdiek/auxhook.sty
Package: auxhook 2011/03/04 v1.3 Hooks for auxiliary files (HO)
)
\@linkdim=\dimen143
\Hy@linkcounter=\count117
\Hy@pagecounter=\count118
 (/usr/local/texlive/2013/texmf-dist/tex/latex/hyperref/pd1enc.def
File: pd1enc.def 2012/11/06 v6.83m Hyperref: PDFDocEncoding definition (HO)
)
\Hy@SavedSpaceFactor=\count119
 (/usr/local/texlive/2013/texmf-dist/tex/latex/latexconfig/hyperref.cfg
File: hyperref.cfg 2002/06/06 v1.2 hyperref configuration of TeXLive
)
Package hyperref Info: Option `bookmarks' set `true' on input line 4319.
Package hyperref Info: Option `bookmarksopen' set `true' on input line 4319.
Package hyperref Info: Option `bookmarksnumbered' set `true' on input line 4319.
Package hyperref Info: Option `hypertexnames' set `false' on input line 4319.
Package hyperref Info: Option `colorlinks' set `true' on input line 4319.
Package hyperref Info: Option `unicode' set `true' on input line 4319.
 (/usr/local/texlive/2013/texmf-dist/tex/latex/hyperref/puenc.def
File: puenc.def 2012/11/06 v6.83m Hyperref: PDF Unicode definition (HO)
)
Package hyperref Info: Option `breaklinks' set `true' on input line 4319.
Package hyperref Info: Hyper figures OFF on input line 4443.
Package hyperref Info: Link nesting OFF on input line 4448.
Package hyperref Info: Hyper index ON on input line 4451.
Package hyperref Info: Plain pages OFF on input line 4458.
Package hyperref Info: Backreferencing OFF on input line 4463.
Package hyperref Info: Implicit mode ON; LaTeX internals redefined.
Package hyperref Info: Bookmarks ON on input line 4688.
\c@Hy@tempcnt=\count120
 (/usr/local/texlive/2013/texmf-dist/tex/latex/url/url.sty
\Urlmuskip=\muskip11
Package: url 2006/04/12  ver 3.3  Verb mode for urls, etc.
)
LaTeX Info: Redefining \url on input line 5041.
\XeTeXLinkMargin=\dimen144
\Fld@menulength=\count121
\Field@Width=\dimen145
\Fld@charsize=\dimen146
Package hyperref Info: Hyper figures OFF on input line 6295.
Package hyperref Info: Link nesting OFF on input line 6300.
Package hyperref Info: Hyper index ON on input line 6303.
Package hyperref Info: backreferencing OFF on input line 6310.
Package hyperref Info: Link coloring ON on input line 6313.
Package hyperref Info: Link coloring with OCG OFF on input line 6320.
Package hyperref Info: PDF/A mode OFF on input line 6325.
LaTeX Info: Redefining \ref on input line 6365.
LaTeX Info: Redefining \pageref on input line 6369.
\Hy@abspage=\count122
\c@Item=\count123
\c@Hfootnote=\count124
)

Package hyperref Message: Driver (autodetected): hpdftex.

(/usr/local/texlive/2013/texmf-dist/tex/latex/hyperref/hpdftex.def
File: hpdftex.def 2012/11/06 v6.83m Hyperref driver for pdfTeX
\Fld@listcount=\count125
\c@bookmark@seq@number=\count126
 (/usr/local/texlive/2013/texmf-dist/tex/latex/oberdiek/rerunfilecheck.sty
Package: rerunfilecheck 2011/04/15 v1.7 Rerun checks for auxiliary files (HO)
Package uniquecounter Info: New unique counter `rerunfilecheck' on input line 282.
)
\Hy@SectionHShift=\skip60
)
\c@dummy=\count127
 (/usr/local/texlive/2013/texmf-dist/tex/latex/tools/longtable.sty
Package: longtable 2004/02/01 v4.11 Multi-page Table package (DPC)
\LTleft=\skip61
\LTright=\skip62
\LTpre=\skip63
\LTpost=\skip64
\LTchunksize=\count128
\LTcapwidth=\dimen147
\LT@head=\box31
\LT@firsthead=\box32
\LT@foot=\box33
\LT@lastfoot=\box34
\LT@cols=\count129
\LT@rows=\count130
\c@LT@tables=\count131
\c@LT@chunks=\count132
\LT@p@ftn=\toks29
)) (/usr/local/texlive/2013/texmf-dist/tex/latex/natbib/natbib.sty
Package: natbib 2010/09/13 8.31b (PWD, AO)
\bibhang=\skip65
\bibsep=\skip66
LaTeX Info: Redefining \cite on input line 694.
\c@NAT@ctr=\count133
) (/usr/local/texlive/2013/texmf-dist/tex/latex/algorithm2e/algorithm2e.sty
Package: algorithm2e 2013/01/06 v5.00 algorithms environments
\c@AlgoLine=\count134
 (/usr/local/texlive/2013/texmf-dist/tex/latex/relsize/relsize.sty
Package: relsize 2013/03/29 ver 4.1
)
********************************************************
Package `algorithm2e' Release 5.0 -- january 06 2013 --
- algorithm2e-announce@lirmm.fr mailing list for announcement about releases
- algorithm2e-discussion@lirmm.fr mailing list for discussion about package
subscribe by emailing sympa@lirmm.fr with 'subscribe <list> <firstname name>'
- Author: Christophe Fiorio (cfiorio@um2.fr)
********************************************************
\skiptotal=\skip67
\skiplinenumber=\skip68
\skiprule=\skip69
\skiphlne=\skip70
\skiptext=\skip71
\skiplength=\skip72
\algomargin=\skip73
\skipalgocfslide=\skip74
\algowidth=\dimen148
\inoutsize=\dimen149
\inoutindent=\dimen150
\interspacetitleruled=\dimen151
\interspacealgoruled=\dimen152
\interspacetitleboxruled=\dimen153
\algocf@inoutbox=\box35
\algocf@inputbox=\box36
\AlCapSkip=\skip75
\AlCapHSkip=\skip76
\algoskipindent=\skip77
\algocf@nlbox=\box37
\algocf@hangingbox=\box38
\algocf@untilbox=\box39
\algocf@skipuntil=\skip78
\algocf@capbox=\box40
\algoheightruledefault=\skip79
\algoheightrule=\skip80
\algotitleheightruledefault=\skip81
\algotitleheightrule=\skip82
\c@algocfline=\count135
\c@algocfproc=\count136
\c@algocf=\count137
\algocf@algoframe=\box41
\algocf@algobox=\box42
) (/usr/local/texlive/2013/texmf-dist/tex/latex/xcolor/xcolor.sty
Package: xcolor 2007/01/21 v2.11 LaTeX color extensions (UK)
 (/usr/local/texlive/2013/texmf-dist/tex/latex/latexconfig/color.cfg
File: color.cfg 2007/01/18 v1.5 color configuration of teTeX/TeXLive
)
Package xcolor Info: Driver file: pdftex.def on input line 225.
Package xcolor Info: Model `cmy' substituted by `cmy0' on input line 1337.
Package xcolor Info: Model `hsb' substituted by `rgb' on input line 1341.
Package xcolor Info: Model `RGB' extended on input line 1353.
Package xcolor Info: Model `HTML' substituted by `rgb' on input line 1355.
Package xcolor Info: Model `Hsb' substituted by `hsb' on input line 1356.
Package xcolor Info: Model `tHsb' substituted by `hsb' on input line 1357.
Package xcolor Info: Model `HSB' substituted by `hsb' on input line 1358.
Package xcolor Info: Model `Gray' substituted by `gray' on input line 1359.
Package xcolor Info: Model `wave' substituted by `hsb' on input line 1360.
)
Package hyperref Info: Option `colorlinks' set `true' on input line 49.
 (/Users/tom/Documents/GitHub/GPUTest/Thesis_latex_GPU_english/.texpadtmp/main.aux

LaTeX Warning: Label `fig:laplacian' multiply defined.


LaTeX Warning: Label `fig:streams' multiply defined.


LaTeX Warning: Label `tab:threads' multiply defined.

)
\openout1 = `main.aux'.

LaTeX Font Info:    Checking defaults for OML/cmm/m/it on input line 55.
LaTeX Font Info:    ... okay on input line 55.
LaTeX Font Info:    Checking defaults for T1/cmr/m/n on input line 55.
LaTeX Font Info:    ... okay on input line 55.
LaTeX Font Info:    Checking defaults for OT1/cmr/m/n on input line 55.
LaTeX Font Info:    ... okay on input line 55.
LaTeX Font Info:    Checking defaults for OMS/cmsy/m/n on input line 55.
LaTeX Font Info:    ... okay on input line 55.
LaTeX Font Info:    Checking defaults for OMX/cmex/m/n on input line 55.
LaTeX Font Info:    ... okay on input line 55.
LaTeX Font Info:    Checking defaults for U/cmr/m/n on input line 55.
LaTeX Font Info:    ... okay on input line 55.
LaTeX Font Info:    Checking defaults for PD1/pdf/m/n on input line 55.
LaTeX Font Info:    ... okay on input line 55.
LaTeX Font Info:    Checking defaults for PU/pdf/m/n on input line 55.
LaTeX Font Info:    ... okay on input line 55.
Package caption Info: Begin \AtBeginDocument code.
Package caption Info: hyperref package is loaded.
Package caption Info: listings package is loaded.
Package caption Info: longtable package is loaded.
 (/usr/local/texlive/2013/texmf-dist/tex/latex/caption/ltcaption.sty
Package: ltcaption 2013/02/03 v1.3-62 longtable captions (AR)
)
Package caption Info: rotating package is loaded.
Package caption Info: End \AtBeginDocument code.
 (/usr/local/texlive/2013/texmf-dist/tex/context/base/supp-pdf.mkii
[Loading MPS to PDF converter (version 2006.09.02).]
\scratchcounter=\count138
\scratchdimen=\dimen154
\scratchbox=\box43
\nofMPsegments=\count139
\nofMParguments=\count140
\everyMPshowfont=\toks30
\MPscratchCnt=\count141
\MPscratchDim=\dimen155
\MPnumerator=\count142
\makeMPintoPDFobject=\count143
\everyMPtoPDFconversion=\toks31
)
\c@lstlisting=\count144
\AtBeginShipoutBox=\box44
Package hyperref Info: Link coloring ON on input line 55.
 (/usr/local/texlive/2013/texmf-dist/tex/latex/hyperref/nameref.sty
Package: nameref 2012/10/27 v2.43 Cross-referencing by name of section
 (/usr/local/texlive/2013/texmf-dist/tex/generic/oberdiek/gettitlestring.sty
Package: gettitlestring 2010/12/03 v1.4 Cleanup title references (HO)
)
\c@section@level=\count145
)
LaTeX Info: Redefining \ref on input line 55.
LaTeX Info: Redefining \pageref on input line 55.
LaTeX Info: Redefining \nameref on input line 55.
 (/Users/tom/Documents/GitHub/GPUTest/Thesis_latex_GPU_english/.texpadtmp/main.out) (/Users/tom/Documents/GitHub/GPUTest/Thesis_latex_GPU_english/.texpadtmp/main.out)
\@outlinefile=\write3
\openout3 = `main.out'.

\dunder=\skip83
 <Figures/uni.jpg, id=257, 277.035pt x 329.73187pt>
File: Figures/uni.jpg Graphic file (type jpg)
 <use Figures/uni.jpg>
Package pdftex.def Info: Figures/uni.jpg used on input line 90.
(pdftex.def)             Requested size: 125.24318pt x 149.06725pt.
LaTeX Font Info:    Try loading font information for U+msa on input line 105.
 (/usr/local/texlive/2013/texmf-dist/tex/latex/amsfonts/umsa.fd
File: umsa.fd 2013/01/14 v3.01 AMS symbols A
)
LaTeX Font Info:    Try loading font information for U+msb on input line 105.
 (/usr/local/texlive/2013/texmf-dist/tex/latex/amsfonts/umsb.fd
File: umsb.fd 2013/01/14 v3.01 AMS symbols B
) [1



{/usr/local/texlive/2013/texmf-var/fonts/map/pdftex/updmap/pdftex.map} <./Figures/uni.jpg>]
------------------------------------------------------------------------------
 Abstract Page
------------------------------------------------------------------------------
[1]
------------------------------------------------------------------------------
 Acknowledgements
------------------------------------------------------------------------------
[2

]
------------------------------------------------------------------------------
 Table of Contents
------------------------------------------------------------------------------
(/Users/tom/Documents/GitHub/GPUTest/Thesis_latex_GPU_english/.texpadtmp/main.toc [3


])
\tf@toc=\write4
\openout4 = `main.toc'.

 [4]
------------------------------------------------------------------------------
 List of Figures
------------------------------------------------------------------------------
(/Users/tom/Documents/GitHub/GPUTest/Thesis_latex_GPU_english/.texpadtmp/main.lof [5


])
\tf@lof=\write5
\openout5 = `main.lof'.

 [6]
------------------------------------------------------------------------------
 Introduction
------------------------------------------------------------------------------
[7


] (./Chapters/Chapter1.tex
Chapter 1.
------------------------------------------------------------------------------
 1 Heterogeneous Computing
------------------------------------------------------------------------------
[1



] <Figures/GPU_CPU_s.png, id=455, 493.845pt x 245.91875pt>
File: Figures/GPU_CPU_s.png Graphic file (type png)
 <use Figures/GPU_CPU_s.png>
Package pdftex.def Info: Figures/GPU_CPU_s.png used on input line 37.
(pdftex.def)             Requested size: 313.1048pt x 155.91275pt.
 [2 <./Figures/GPU_CPU_s.png (PNG copy)>] [3] <Figures/GPU_CPU.png, id=477, 534.99875pt x 723.70375pt>
File: Figures/GPU_CPU.png Graphic file (type png)
 <use Figures/GPU_CPU.png>
Package pdftex.def Info: Figures/GPU_CPU.png used on input line 68.
(pdftex.def)             Requested size: 208.73653pt x 282.36479pt.
 [4 <./Figures/GPU_CPU.png>] <Figures/arch.png, id=489, 1129.21875pt x 589.20125pt>
File: Figures/arch.png Graphic file (type png)
 <use Figures/arch.png>
Package pdftex.def Info: Figures/arch.png used on input line 81.
(pdftex.def)             Requested size: 354.85464pt x 185.15883pt.
 [5 <./Figures/arch.png>] <Figures/cycle.png, id=504, 250.9375pt x 216.81pt>
File: Figures/cycle.png Graphic file (type png)
 <use Figures/cycle.png>
Package pdftex.def Info: Figures/cycle.png used on input line 97.
(pdftex.def)             Requested size: 125.24318pt x 108.21284pt.
LaTeX Font Info:    Try loading font information for OMS+cmr on input line 104.
 (/usr/local/texlive/2013/texmf-dist/tex/latex/base/omscmr.fd
File: omscmr.fd 1999/05/25 v2.5h Standard LaTeX font definitions
)
LaTeX Font Info:    Font shape `OMS/cmr/m/n' in size <10.95> not available
(Font)              Font shape `OMS/cmsy/m/n' tried instead on input line 104.
 [6 <./Figures/cycle.png>] (/usr/local/texlive/2013/texmf-dist/tex/latex/listings/lstlang1.sty
File: lstlang1.sty 2004/09/05 1.3 listings language file
) (/usr/local/texlive/2013/texmf-dist/tex/latex/listings/lstlang1.sty
File: lstlang1.sty 2004/09/05 1.3 listings language file
) (/usr/local/texlive/2013/texmf-dist/tex/latex/listings/lstmisc.sty
File: lstmisc.sty 2007/02/22 1.4 (Carsten Heinz)
) <Figures/grid.png, id=520, 195.73125pt x 99.37125pt>
File: Figures/grid.png Graphic file (type png)
 <use Figures/grid.png>
Package pdftex.def Info: Figures/grid.png used on input line 133.
(pdftex.def)             Requested size: 275.53375pt x 139.89362pt.
 [7] <Figures/memorySpace.png, id=537, 443.6575pt x 125.46875pt>
File: Figures/memorySpace.png Graphic file (type png)
 <use Figures/memorySpace.png>
Package pdftex.def Info: Figures/memorySpace.png used on input line 143.
(pdftex.def)             Requested size: 258.83125pt x 73.19884pt.
 <Figures/cpu.png, id=542, 556.0775pt x 169.63374pt>
File: Figures/cpu.png Graphic file (type png)
 <use Figures/cpu.png>
Package pdftex.def Info: Figures/cpu.png used on input line 155.
(pdftex.def)             Requested size: 300.58112pt x 91.69403pt.
 [8 <./Figures/grid.png (PNG copy)> <./Figures/memorySpace.png> <./Figures/cpu.png>]) (./Chapters/Chapter2.tex [9]
Chapter 2.
------------------------------------------------------------------------------
 2 Introduction to Domain Wall Dynamics under Nonlocal STT
------------------------------------------------------------------------------
[10

] <Figures/electron.png, id=582, 404.00937pt x 205.26688pt>
File: Figures/electron.png Graphic file (type png)
 <use Figures/electron.png>
Package pdftex.def Info: Figures/electron.png used on input line 30.
(pdftex.def)             Requested size: 175.33792pt x 89.08363pt.
 [11 <./Figures/electron.png>] <Figures/dw.png, id=599, 397.485pt x 87.32625pt>
File: Figures/dw.png Graphic file (type png)
 <use Figures/dw.png>
Package pdftex.def Info: Figures/dw.png used on input line 54.
(pdftex.def)             Requested size: 229.61145pt x 50.44672pt.
 <Figures/DWspin.png, id=604, 262.9825pt x 68.75688pt>
File: Figures/DWspin.png Graphic file (type png)
 <use Figures/DWspin.png>
Package pdftex.def Info: Figures/DWspin.png used on input line 66.
(pdftex.def)             Requested size: 250.48637pt x 65.4928pt.
 [12 <./Figures/dw.png>] [13 <./Figures/DWspin.png>]
Missing character: There is no ‚ in font cmr10!
Missing character: There is no Ä in font cmr10!
Missing character: There is no ô in font cmr10!
 <Figures/ATW.png, id=639, 520.94624pt x 229.85875pt>
File: Figures/ATW.png Graphic file (type png)
 <use Figures/ATW.png>
Package pdftex.def Info: Figures/ATW.png used on input line 106.
(pdftex.def)             Requested size: 267.1825pt x 117.88928pt.
 <Figures/VW.png, id=643, 512.91624pt x 221.82875pt>
File: Figures/VW.png Graphic file (type png)
 <use Figures/VW.png>
Package pdftex.def Info: Figures/VW.png used on input line 116.
(pdftex.def)             Requested size: 267.1825pt x 115.5513pt.
 [14]

LaTeX Warning: Reference `Xhang' on page 15 undefined on input line 124.

[15 <./Figures/ATW.png> <./Figures/VW.png>] <Figures/fdtd.png, id=665, 799.98875pt x 212.795pt>
File: Figures/fdtd.png Graphic file (type png)
 <use Figures/fdtd.png>
Package pdftex.def Info: Figures/fdtd.png used on input line 134.
(pdftex.def)             Requested size: 325.62848pt x 86.6166pt.
 <Figures/bound.png, id=671, 649.42625pt x 433.62pt>
File: Figures/bound.png Graphic file (type png)
 <use Figures/bound.png>
Package pdftex.def Info: Figures/bound.png used on input line 148.
(pdftex.def)             Requested size: 271.35493pt x 181.18623pt.
 [16 <./Figures/fdtd.png>] [17 <./Figures/bound.png>] [18] <Figures/euler.png, id=710, 370.38374pt x 194.7275pt>
File: Figures/euler.png Graphic file (type png)
 <use Figures/euler.png>
Package pdftex.def Info: Figures/euler.png used on input line 240.
(pdftex.def)             Requested size: 250.48637pt x 131.69388pt.
 [19 <./Figures/euler.png>] <Figures/rk4.png, id=719, 293.095pt x 156.585pt>
File: Figures/rk4.png Graphic file (type png)
 <use Figures/rk4.png>
Package pdftex.def Info: Figures/rk4.png used on input line 265.
(pdftex.def)             Requested size: 208.73653pt x 111.5154pt.
) (./Chapters/Chapter3.tex [20 <./Figures/rk4.png>]
Chapter 3.
------------------------------------------------------------------------------
 3 Implementation of Domain Wall Dynamics under Nonlocal STT
------------------------------------------------------------------------------
Missing character: There is no ‚ in font cmr10!
Missing character: There is no Ä in font cmr10!
Missing character: There is no ì in font cmr10!

LaTeX Warning: `h' float specifier changed to `ht'.

[21

] [22] <Figures/flow.png, id=754, 398.6895pt x 571.1739pt>
File: Figures/flow.png Graphic file (type png)
 <use Figures/flow.png>
Package pdftex.def Info: Figures/flow.png used on input line 69.
(pdftex.def)             Requested size: 221.26021pt x 316.97911pt.
 <Figures/block.png, id=755, 796.8972pt x 369.2997pt>
File: Figures/block.png Graphic file (type png)
 <use Figures/block.png>
Package pdftex.def Info: Figures/block.png used on input line 78.
(pdftex.def)             Requested size: 379.90201pt x 176.05592pt.


LaTeX Warning: `h' float specifier changed to `ht'.

[23 <./Figures/flow.png> <./Figures/block.png (PNG copy)>] <Figures/flaten.png, id=765, 338.76563pt x 137.01187pt>
File: Figures/flaten.png Graphic file (type png)
 <use Figures/flaten.png>
Package pdftex.def Info: Figures/flaten.png used on input line 136.
(pdftex.def)             Requested size: 208.73653pt x 84.4259pt.
 [24 <./Figures/flaten.png (PNG copy)>] [25] <Figures/laplacian.png, id=807, 723.6636pt x 313.17pt>
File: Figures/laplacian.png Graphic file (type png)
 <use Figures/laplacian.png>
Package pdftex.def Info: Figures/laplacian.png used on input line 216.
(pdftex.def)             Requested size: 342.33096pt x 148.14563pt.
 [26] [27 <./Figures/laplacian.png (PNG copy)>]

LaTeX Warning: Reference `fig:sim' on page 28 undefined on input line 262.

[28] [29]) (./Chapters/Chapter4.tex [30] [31]
Chapter 4.
------------------------------------------------------------------------------
 4 Heterogeneous Performance Analysis and Practices
------------------------------------------------------------------------------
[32

] <Figures/PCI.png, id=932, 499.8675pt x 69.25874pt>
File: Figures/PCI.png Graphic file (type png)
 <use Figures/PCI.png>
Package pdftex.def Info: Figures/PCI.png used on input line 27.
(pdftex.def)             Requested size: 300.58112pt x 41.64854pt.
 <Figures/apod.png, id=936, 677.53125pt x 550.055pt>
File: Figures/apod.png Graphic file (type png)
 <use Figures/apod.png>
Package pdftex.def Info: Figures/apod.png used on input line 37.
(pdftex.def)             Requested size: 187.8616pt x 152.51196pt.

Overfull \hbox (9.9577pt too wide) in paragraph at lines 47--49
\OT1/cmr/m/n/10.95 Increase par-al-leliza-tion from the orig-i-nal code, could be ei-ther adding GPU-optimized
 []

[33 <./Figures/PCI.png> <./Figures/apod.png>] [34] <Figures/cores.png, id=957, 680.5425pt x 178.6675pt>
File: Figures/cores.png Graphic file (type png)
 <use Figures/cores.png>
Package pdftex.def Info: Figures/cores.png used on input line 91.
(pdftex.def)             Requested size: 388.24689pt x 101.92876pt.
 [35] <Figures/memory.png, id=969, 807.015pt x 107.40125pt>
File: Figures/memory.png Graphic file (type png)
 <use Figures/memory.png>
Package pdftex.def Info: Figures/memory.png used on input line 103.
(pdftex.def)             Requested size: 363.19952pt x 48.33665pt.
 [36 <./Figures/cores.png> <./Figures/memory.png>] [37] <Figures/texture.png, id=988, 460.72125pt x 182.6825pt>
File: Figures/texture.png Graphic file (type png)
 <use Figures/texture.png>
Package pdftex.def Info: Figures/texture.png used on input line 139.
(pdftex.def)             Requested size: 217.08777pt x 86.0782pt.

Overfull \hbox (20.04813pt too wide) in paragraph at lines 164--165
[]\OT1/cmr/m/n/10.95 Performing a block-ing data trans-fer with $\OML/cmm/m/it/10.95 cudaMemcpy\OT1/cmr/m/n/10.95 ()$ as $\OML/cmm/m/it/10.95 cudaThreadSynchronize\OT1/cmr/m/n/10.95 ()$
 []

[38 <./Figures/texture.png>] <Figures/streams.png, id=999, 591.20876pt x 330.23375pt>
File: Figures/streams.png Graphic file (type png)
 <use Figures/streams.png>
Package pdftex.def Info: Figures/streams.png used on input line 177.
(pdftex.def)             Requested size: 283.87862pt x 158.57085pt.
 [39 <./Figures/streams.png>] [40] [41] <Figures/visualgraph.png, id=1023, 718.685pt x 445.665pt>
File: Figures/visualgraph.png Graphic file (type png)
 <use Figures/visualgraph.png>
Package pdftex.def Info: Figures/visualgraph.png used on input line 231.
(pdftex.def)             Requested size: 417.47307pt x 258.8871pt.
 [42 <./Figures/visualgraph.png>] <Figures/pofiler.png, id=1032, 788.9475pt x 405.515pt>
File: Figures/pofiler.png Graphic file (type png)
 <use Figures/pofiler.png>
Package pdftex.def Info: Figures/pofiler.png used on input line 251.
(pdftex.def)             Requested size: 375.7232pt x 193.11662pt.
 [43] [44 <./Figures/pofiler.png>]) (./Chapters/Chapter5.tex [45]
Chapter 5.
------------------------------------------------------------------------------
 5 Optimization Results
------------------------------------------------------------------------------
Missing character: There is no ‚ in font cmr10!
Missing character: There is no Ä in font cmr10!
Missing character: There is no ú in font cmr10!
Missing character: There is no ‚ in font cmr10!
Missing character: There is no Ä in font cmr10!
Missing character: There is no ù in font cmr10!

LaTeX Warning: `h' float specifier changed to `ht'.

[46

]
Overfull \hbox (5.05098pt too wide) in paragraph at lines 48--63
 [][] 
 []

[47] [48] <Figures/gpu_initial.png, id=1079, 1113.6807pt x 426.03165pt>
File: Figures/gpu_initial.png Graphic file (type png)
 <use Figures/gpu_initial.png>
Package pdftex.def Info: Figures/gpu_initial.png used on input line 150.
(pdftex.def)             Requested size: 317.27724pt x 121.37477pt.
 [49 <./Figures/gpu_initial.png>] <Figures/threads.png, id=1090, 649.42625pt x 198.7425pt>
File: Figures/threads.png Graphic file (type png)
 <use Figures/threads.png>
Package pdftex.def Info: Figures/threads.png used on input line 181.
(pdftex.def)             Requested size: 229.61145pt x 70.26749pt.
 [50 <./Figures/threads.png>] <Figures/ini_steams.png, id=1125, 679.03688pt x 48.18pt>
File: Figures/ini_steams.png Graphic file (type png)
 <use Figures/ini_steams.png>
Package pdftex.def Info: Figures/ini_steams.png used on input line 237.
(pdftex.def)             Requested size: 354.85464pt x 25.17796pt.
 [51 <./Figures/ini_steams.png>] <Figures/concurent.png, id=1154, 1277.77374pt x 107.40125pt>
File: Figures/concurent.png Graphic file (type png)
 <use Figures/concurent.png>
Package pdftex.def Info: Figures/concurent.png used on input line 278.
(pdftex.def)             Requested size: 417.47307pt x 35.09016pt.
 [52] <Figures/waittime.png, id=1179, 764.1348pt x 149.1171pt>
File: Figures/waittime.png Graphic file (type png)
 <use Figures/waittime.png>
Package pdftex.def Info: Figures/waittime.png used on input line 288.
(pdftex.def)             Requested size: 417.47307pt x 81.46857pt.
 [53 <./Figures/concurent.png> <./Figures/waittime.png>] <Figures/shared.png, id=1193, 678.535pt x 653.44125pt>
File: Figures/shared.png Graphic file (type png)
 <use Figures/shared.png>
Package pdftex.def Info: Figures/shared.png used on input line 323.
(pdftex.def)             Requested size: 166.98668pt x 160.8074pt.
 [54 <./Figures/shared.png>] <Figures/aos.png, id=1225, 483.8075pt x 129.48375pt>
File: Figures/aos.png Graphic file (type png)
 <use Figures/aos.png>
Package pdftex.def Info: Figures/aos.png used on input line 357.
(pdftex.def)             Requested size: 271.35493pt x 72.62695pt.
 <Figures/soa.png, id=1226, 482.80376pt x 128.48pt>
File: Figures/soa.png Graphic file (type png)
 <use Figures/soa.png>
Package pdftex.def Info: Figures/soa.png used on input line 366.
(pdftex.def)             Requested size: 271.35493pt x 72.21295pt.
 [55 <./Figures/aos.png> <./Figures/soa.png>] [56]
Overfull \hbox (10.32703pt too wide) in paragraph at lines 434--449
 [][] 
 []

<Figures/gpuOptimization.png, id=1269, 931.5603pt x 801.4743pt>
File: Figures/gpuOptimization.png Graphic file (type png)
 <use Figures/gpuOptimization.png>
Package pdftex.def Info: Figures/gpuOptimization.png used on input line 476.
(pdftex.def)             Requested size: 271.35493pt x 233.46109pt.
 <Figures/speedup.png, id=1272, 1064.5371pt x 542.38635pt>
File: Figures/speedup.png Graphic file (type png)
 <use Figures/speedup.png>
Package pdftex.def Info: Figures/speedup.png used on input line 487.
(pdftex.def)             Requested size: 321.45604pt x 163.7765pt.
 [57] [58 <./Figures/gpuOptimization.png> <./Figures/speedup.png>] <Figures/speed.png, id=1288, 768.9528pt x 403.62794pt>
File: Figures/speed.png Graphic file (type png)
 <use Figures/speed.png>
Package pdftex.def Info: Figures/speed.png used on input line 518.
(pdftex.def)             Requested size: 292.22987pt x 153.39252pt.
) (./Chapters/Chapter6.tex [59 <./Figures/speed.png>]
Chapter 6.
------------------------------------------------------------------------------
 6 Conclusions and future work
------------------------------------------------------------------------------
[60

]
Missing character: There is no ‚ in font cmr10!
Missing character: There is no Ä in font cmr10!
Missing character: There is no ì in font cmr10!
Missing character: There is no ‚ in font cmr10!
Missing character: There is no Ä in font cmr10!
Missing character: There is no ì in font cmr10!
Missing character: There is no ‚ in font cmr10!
Missing character: There is no Ä in font cmr10!
Missing character: There is no ô in font cmr10!
 [61]
Missing character: There is no ‚ in font cmr10!
Missing character: There is no Ä in font cmr10!
Missing character: There is no ô in font cmr10!
) (/Users/tom/Documents/GitHub/GPUTest/Thesis_latex_GPU_english/.texpadtmp/main.bbl [62] [63

]
Underfull \hbox (badness 10000) in paragraph at lines 124--128
[]\OT1/cmr/m/n/10.95 NVIDIA.  Cuda doc-u-men-ta-tion.  [][]$\OT1/cmtt/m/n/10.95 http : / / docs . nvidia . com / cuda /
 []

[64]
Underfull \hbox (badness 1603) in paragraph at lines 168--171
[]\OT1/cmr/m/n/10.95 J. B. Schnei-der.  Un-der-stand-ing the finite-difference time-domain method,
 []

Missing character: There is no ‚ in font cmr10!
Missing character: There is no Ä in font cmr10!
Missing character: There is no ô in font cmr10!
)
Package atveryend Info: Empty hook `BeforeClearDocument' on input line 238.
 [65]
Package atveryend Info: Empty hook `AfterLastShipout' on input line 238.
 (/Users/tom/Documents/GitHub/GPUTest/Thesis_latex_GPU_english/.texpadtmp/main.aux)
Package atveryend Info: Executing hook `AtVeryEndDocument' on input line 238.
Package atveryend Info: Executing hook `AtEndAfterFileList' on input line 238.
Package rerunfilecheck Info: File `main.out' has not changed.
(rerunfilecheck)             Checksum: 57DC5C5EFBCA5A2EA3ED9DE2D9CA2396;8528.


LaTeX Warning: There were undefined references.


LaTeX Warning: There were multiply-defined labels.

Package atveryend Info: Empty hook `AtVeryVeryEnd' on input line 238.
 ) 
Here is how much of TeX's memory you used:
 15694 strings out of 493315
 222125 string characters out of 6137904
 349906 words of memory out of 5000000
 18446 multiletter control sequences out of 15000+600000
 13598 words of font info for 50 fonts, out of 8000000 for 9000
 957 hyphenation exceptions out of 8191
 49i,19n,60p,1338b,1749s stack positions out of 5000i,500n,10000p,200000b,80000s
</usr/local/texlive/2013/texmf-dist/fonts/type1/public/amsfonts/cm/cmbx10.pfb></usr/local/texlive/2013/texmf-dist/fonts/type1/public/amsfonts/cm/cmbx12.pfb></usr/local/texlive/2013/texmf-dist/fonts/type1/public/amsfonts/cm/cmcsc10.pfb></usr/local/texlive/2013/texmf-dist/fonts/type1/public/amsfonts/cm/cmex10.pfb></usr/local/texlive/2013/texmf-dist/fonts/type1/public/amsfonts/cm/cmmi10.pfb></usr/local/texlive/2013/texmf-dist/fonts/type1/public/amsfonts/cm/cmmi6.pfb></usr/local/texlive/2013/texmf-dist/fonts/type1/public/amsfonts/cm/cmmi8.pfb></usr/local/texlive/2013/texmf-dist/fonts/type1/public/amsfonts/cm/cmr10.pfb></usr/local/texlive/2013/texmf-dist/fonts/type1/public/amsfonts/cm/cmr12.pfb></usr/local/texlive/2013/texmf-dist/fonts/type1/public/amsfonts/cm/cmr6.pfb></usr/local/texlive/2013/texmf-dist/fonts/type1/public/amsfonts/cm/cmr8.pfb></usr/local/texlive/2013/texmf-dist/fonts/type1/public/amsfonts/cm/cmsy10.pfb></usr/local/texlive/2013/texmf-dist/fonts/type1/public/amsfonts/cm/cmsy6.pfb></usr/local/texlive/2013/texmf-dist/fonts/type1/public/amsfonts/cm/cmsy8.pfb></usr/local/texlive/2013/texmf-dist/fonts/type1/public/amsfonts/cm/cmti10.pfb></usr/local/texlive/2013/texmf-dist/fonts/type1/public/amsfonts/cm/cmti12.pfb></usr/local/texlive/2013/texmf-dist/fonts/type1/public/amsfonts/cm/cmtt10.pfb></usr/local/texlive/2013/texmf-dist/fonts/type1/public/amsfonts/cm/cmtt8.pfb>
Output written on /Users/tom/Documents/GitHub/GPUTest/Thesis_latex_GPU_english/.texpadtmp/main.pdf (73 pages, 4719247 bytes).
PDF statistics:
 1500 PDF objects out of 1728 (max. 8388607)
 1308 compressed objects within 14 object streams
 461 named destinations out of 1000 (max. 500000)
 705 words of extra memory for PDF output out of 10000 (max. 10000000)

